ls: alpha-hive-*-realtime-*.html: No such file or directory
🚀 启动实时报告生成系统

============================================================
🔄 正在为 NVDA 生成实时优化报告...
============================================================
✓ 加载实时数据...
✓ 计算拥挤度评分...
  - 综合评分：63.5/100
✓ 生成 HTML 报告...
✅ 报告已生成：alpha-hive-NVDA-realtime-2026-02-23.html


============================================================
🔄 正在为 VKTX 生成实时优化报告...
============================================================
✓ 加载实时数据...
✓ 计算拥挤度评分...
  - 综合评分：48.1/100
✓ 生成 HTML 报告...
✅ 报告已生成：alpha-hive-VKTX-realtime-2026-02-23.html


============================================================
🔄 正在为 TSLA 生成实时优化报告...
============================================================
✓ 加载实时数据...
✓ 计算拥挤度评分...
  - 综合评分：63.8/100
✓ 生成 HTML 报告...
✅ 报告已生成：alpha-hive-TSLA-realtime-2026-02-23.html

🎉 所有报告已生成完毕！

📂 文件列表：
